[2016-07-12 09:30:59.223] [INFO] log - ### STATUS GET: {"user":"admin","_":"1468283448088"} (/home/umedan/VisualizationPlatform/server/util/common.js (module.exports.logHandle) :19)
[2016-07-12 09:30:59.394] [INFO] log - ###TOOL GET(list): {"user":"admin","format":"default","_":"1468283448089"} (/home/umedan/VisualizationPlatform/server/util/common.js (module.exports.logHandle) :19)
[2016-07-12 09:30:59.479] [INFO] log - ###screen  GET(_lastest): admin (/home/umedan/VisualizationPlatform/server/util/common.js (module.exports.logHandle) :19)
[2016-07-12 09:30:59.567] [INFO] log - ###screen GET(id): test (/home/umedan/VisualizationPlatform/server/util/common.js (module.exports.logHandle) :19)
[2016-07-12 09:30:59.645] [INFO] log - ###chart GET(id): {"id":"9"} (/home/umedan/VisualizationPlatform/server/util/common.js (module.exports.logHandle) :19)
[2016-07-12 09:31:04.721] [INFO] log - ###chart PATCH(id): 9 (/home/umedan/VisualizationPlatform/server/util/common.js (module.exports.logHandle) :19)
[2016-07-12 09:31:04.737] [INFO] log - ###chart PATCH(id): 9 (/home/umedan/VisualizationPlatform/server/util/common.js (module.exports.logHandle) :19)
[2016-07-12 09:31:04.741] [INFO] log - ###chart PATCH(id): 9 (/home/umedan/VisualizationPlatform/server/util/common.js (module.exports.logHandle) :19)
[2016-07-12 09:31:13.556] [INFO] log - {"_table_":{"big":0,"format":"csv","filled":"count (/home/umedan/VisualizationPlatform/server/stream/MqFrontend.js (MqFrontend.aftprocess) :32)
[2016-07-12 09:31:13.650] [INFO] log - ###chart PATCH(id): 9 (/home/umedan/VisualizationPlatform/server/util/common.js (module.exports.logHandle) :19)
[2016-07-12 09:31:13.813] [INFO] log - {"_table_":{"big":0,"format":"csv","filled":"funci (/home/umedan/VisualizationPlatform/server/stream/MqFrontend.js (MqFrontend.aftprocess) :32)
[2016-07-12 09:31:13.837] [INFO] log - {"_table_":{"big":0,"format":"csv","filled":"funci (/home/umedan/VisualizationPlatform/server/stream/MqFrontend.js (MqFrontend.aftprocess) :32)
[2016-07-12 09:31:13.876] [INFO] log - {"_table_":{"big":0,"format":"csv","filled":"funci (/home/umedan/VisualizationPlatform/server/stream/MqFrontend.js (MqFrontend.aftprocess) :32)
[2016-07-12 09:55:25.695] [INFO] log - ###chart DELETE(id): "9" (/home/umedan/VisualizationPlatform/server/util/common.js (module.exports.logHandle) :19)
[2016-07-12 09:55:26.094] [INFO] log - ###screen  PUT(id): test (/home/umedan/VisualizationPlatform/server/util/common.js (module.exports.logHandle) :19)
[2016-07-12 09:55:26.096] [INFO] log - [object Object] (/home/umedan/VisualizationPlatform/server/util/common.js (module.exports.logHandle) :19)
[2016-07-12 09:55:29.761] [INFO] log - ###chart POST: {"vtname":"test.db(select count, func_name,   self_cycle_max from area where count > 10000;)","vttype":"TABLE/BarChart"} (/home/umedan/VisualizationPlatform/server/util/common.js (module.exports.logHandle) :19)
[2016-07-12 09:55:29.869] [INFO] log - ###screen  PUT(id): test (/home/umedan/VisualizationPlatform/server/util/common.js (module.exports.logHandle) :19)
[2016-07-12 09:55:29.870] [INFO] log - [object Object] (/home/umedan/VisualizationPlatform/server/util/common.js (module.exports.logHandle) :19)
[2016-07-12 09:55:56.479] [INFO] log - ### STATUS GET: {"user":"admin","_":"1468284945757"} (/home/umedan/VisualizationPlatform/server/util/common.js (module.exports.logHandle) :19)
[2016-07-12 09:55:56.573] [INFO] log - ###TOOL GET(list): {"user":"admin","format":"default","_":"1468284945758"} (/home/umedan/VisualizationPlatform/server/util/common.js (module.exports.logHandle) :19)
[2016-07-12 09:55:56.643] [INFO] log - ###screen  GET(_lastest): admin (/home/umedan/VisualizationPlatform/server/util/common.js (module.exports.logHandle) :19)
[2016-07-12 09:55:56.765] [INFO] log - ###screen GET(id): test (/home/umedan/VisualizationPlatform/server/util/common.js (module.exports.logHandle) :19)
[2016-07-12 09:55:56.910] [INFO] log - ###chart GET(id): {"id":"9"} (/home/umedan/VisualizationPlatform/server/util/common.js (module.exports.logHandle) :19)
[2016-07-12 09:55:59.931] [INFO] log - ###chart DELETE(id): "9" (/home/umedan/VisualizationPlatform/server/util/common.js (module.exports.logHandle) :19)
[2016-07-12 09:56:00.277] [INFO] log - ###screen  PUT(id): test (/home/umedan/VisualizationPlatform/server/util/common.js (module.exports.logHandle) :19)
[2016-07-12 09:56:00.278] [INFO] log - [object Object] (/home/umedan/VisualizationPlatform/server/util/common.js (module.exports.logHandle) :19)
[2016-07-12 09:56:06.877] [INFO] log - ### STATUS GET: {"user":"admin","_":"1468284955896"} (/home/umedan/VisualizationPlatform/server/util/common.js (module.exports.logHandle) :19)
[2016-07-12 09:56:06.988] [INFO] log - ###TOOL GET(list): {"user":"admin","format":"default","_":"1468284955897"} (/home/umedan/VisualizationPlatform/server/util/common.js (module.exports.logHandle) :19)
[2016-07-12 09:56:07.088] [INFO] log - ###screen  GET(_lastest): admin (/home/umedan/VisualizationPlatform/server/util/common.js (module.exports.logHandle) :19)
[2016-07-12 09:56:07.227] [INFO] log - ###screen GET(id): test (/home/umedan/VisualizationPlatform/server/util/common.js (module.exports.logHandle) :19)
[2016-07-12 09:56:16.237] [INFO] log - ### STATUS GET: {"user":"admin","_":"1468284965128"} (/home/umedan/VisualizationPlatform/server/util/common.js (module.exports.logHandle) :19)
[2016-07-12 09:56:16.396] [INFO] log - ###TOOL GET(list): {"user":"admin","format":"default","_":"1468284965129"} (/home/umedan/VisualizationPlatform/server/util/common.js (module.exports.logHandle) :19)
[2016-07-12 09:56:16.510] [INFO] log - ###screen  GET(_lastest): admin (/home/umedan/VisualizationPlatform/server/util/common.js (module.exports.logHandle) :19)
[2016-07-12 09:56:16.663] [INFO] log - ###screen GET(id): test (/home/umedan/VisualizationPlatform/server/util/common.js (module.exports.logHandle) :19)
[2016-07-12 09:57:01.839] [INFO] log - ### STATUS GET: {"user":"admin","_":"1468285011184"} (/home/umedan/VisualizationPlatform/server/util/common.js (module.exports.logHandle) :19)
[2016-07-12 09:57:01.911] [INFO] log - ###TOOL GET(list): {"user":"admin","format":"default","_":"1468285011185"} (/home/umedan/VisualizationPlatform/server/util/common.js (module.exports.logHandle) :19)
[2016-07-12 09:57:02.004] [INFO] log - ###screen  GET(_lastest): admin (/home/umedan/VisualizationPlatform/server/util/common.js (module.exports.logHandle) :19)
[2016-07-12 09:57:02.070] [INFO] log - ###screen GET(id): test (/home/umedan/VisualizationPlatform/server/util/common.js (module.exports.logHandle) :19)
[2016-07-12 09:58:06.439] [INFO] log - ### STATUS GET: {"user":"admin","_":"1468285075853"} (/home/umedan/VisualizationPlatform/server/util/common.js (module.exports.logHandle) :19)
[2016-07-12 09:58:06.520] [INFO] log - ###TOOL GET(list): {"user":"admin","format":"default","_":"1468285075854"} (/home/umedan/VisualizationPlatform/server/util/common.js (module.exports.logHandle) :19)
[2016-07-12 09:58:06.588] [INFO] log - ###screen  GET(_lastest): admin (/home/umedan/VisualizationPlatform/server/util/common.js (module.exports.logHandle) :19)
[2016-07-12 09:58:06.705] [INFO] log - ###screen GET(id): test (/home/umedan/VisualizationPlatform/server/util/common.js (module.exports.logHandle) :19)
[2016-07-12 09:58:12.917] [INFO] log - ###chart POST: {"vtname":"function_area_total.db(select count, func_name,   self_cycle_max from area where count > 10000;)","vttype":"TABLE/BarChart"} (/home/umedan/VisualizationPlatform/server/util/common.js (module.exports.logHandle) :19)
[2016-07-12 09:58:13.181] [INFO] log - ###screen  PUT(id): test (/home/umedan/VisualizationPlatform/server/util/common.js (module.exports.logHandle) :19)
[2016-07-12 09:58:13.182] [INFO] log - [object Object] (/home/umedan/VisualizationPlatform/server/util/common.js (module.exports.logHandle) :19)
[2016-07-12 09:58:31.810] [INFO] log - ###chart POST: {"vtname":"data.db(select count, func_name,   self_cycle_max from area where count > 10000;)","vttype":"TABLE/BarChart"} (/home/umedan/VisualizationPlatform/server/util/common.js (module.exports.logHandle) :19)
[2016-07-12 09:58:32.043] [INFO] log - ###screen  PUT(id): test (/home/umedan/VisualizationPlatform/server/util/common.js (module.exports.logHandle) :19)
[2016-07-12 09:58:32.044] [INFO] log - [object Object] (/home/umedan/VisualizationPlatform/server/util/common.js (module.exports.logHandle) :19)
[2016-07-12 09:58:39.228] [INFO] log - {"_table_":{"big":0,"format":"csv","filled":"count (/home/umedan/VisualizationPlatform/server/stream/MqFrontend.js (MqFrontend.aftprocess) :32)
[2016-07-12 09:58:39.384] [INFO] log - ###chart PATCH(id): 10 (/home/umedan/VisualizationPlatform/server/util/common.js (module.exports.logHandle) :19)
[2016-07-12 09:58:41.849] [INFO] log - ### STATUS GET: {"user":"admin","_":"1468285110833"} (/home/umedan/VisualizationPlatform/server/util/common.js (module.exports.logHandle) :19)
[2016-07-12 09:58:41.998] [INFO] log - ###TOOL GET(list): {"user":"admin","format":"default","_":"1468285110834"} (/home/umedan/VisualizationPlatform/server/util/common.js (module.exports.logHandle) :19)
[2016-07-12 09:58:42.118] [INFO] log - ###screen  GET(_lastest): admin (/home/umedan/VisualizationPlatform/server/util/common.js (module.exports.logHandle) :19)
[2016-07-12 09:58:42.255] [INFO] log - ###screen GET(id): test (/home/umedan/VisualizationPlatform/server/util/common.js (module.exports.logHandle) :19)
[2016-07-12 09:58:42.370] [INFO] log - ###chart GET(id): {"id":"9"} (/home/umedan/VisualizationPlatform/server/util/common.js (module.exports.logHandle) :19)
[2016-07-12 09:58:42.371] [INFO] log - ###chart GET(id): {"id":"10"} (/home/umedan/VisualizationPlatform/server/util/common.js (module.exports.logHandle) :19)
[2016-07-12 09:58:59.115] [INFO] log - {"_table_":{"big":0,"format":"csv","filled":"count (/home/umedan/VisualizationPlatform/server/stream/MqFrontend.js (MqFrontend.aftprocess) :32)
[2016-07-12 09:58:59.236] [INFO] log - ###chart PATCH(id): 10 (/home/umedan/VisualizationPlatform/server/util/common.js (module.exports.logHandle) :19)
[2016-07-12 09:59:05.195] [INFO] log - ###chart PATCH(id): 9 (/home/umedan/VisualizationPlatform/server/util/common.js (module.exports.logHandle) :19)
[2016-07-12 09:59:05.213] [INFO] log - ###chart PATCH(id): 9 (/home/umedan/VisualizationPlatform/server/util/common.js (module.exports.logHandle) :19)
[2016-07-12 09:59:05.215] [INFO] log - ###chart PATCH(id): 9 (/home/umedan/VisualizationPlatform/server/util/common.js (module.exports.logHandle) :19)
[2016-07-12 10:06:42.422] [INFO] log - ### STATUS GET: {"user":"admin","_":"1468285591248"} (/home/umedan/VisualizationPlatform/server/util/common.js (module.exports.logHandle) :19)
[2016-07-12 10:06:42.536] [INFO] log - ###TOOL GET(list): {"user":"admin","format":"default","_":"1468285591249"} (/home/umedan/VisualizationPlatform/server/util/common.js (module.exports.logHandle) :19)
[2016-07-12 10:06:42.709] [INFO] log - ###screen  GET(_lastest): admin (/home/umedan/VisualizationPlatform/server/util/common.js (module.exports.logHandle) :19)
[2016-07-12 10:06:42.817] [INFO] log - ###screen GET(id): test (/home/umedan/VisualizationPlatform/server/util/common.js (module.exports.logHandle) :19)
[2016-07-12 10:06:42.959] [INFO] log - ###chart GET(id): {"id":"9"} (/home/umedan/VisualizationPlatform/server/util/common.js (module.exports.logHandle) :19)
[2016-07-12 10:06:42.980] [INFO] log - ###chart GET(id): {"id":"10"} (/home/umedan/VisualizationPlatform/server/util/common.js (module.exports.logHandle) :19)
[2016-07-12 10:06:45.574] [INFO] log - ###chart DELETE(id): "10" (/home/umedan/VisualizationPlatform/server/util/common.js (module.exports.logHandle) :19)
[2016-07-12 10:06:45.973] [INFO] log - ###screen  PUT(id): test (/home/umedan/VisualizationPlatform/server/util/common.js (module.exports.logHandle) :19)
[2016-07-12 10:06:45.974] [INFO] log - [object Object] (/home/umedan/VisualizationPlatform/server/util/common.js (module.exports.logHandle) :19)
[2016-07-12 10:06:47.789] [INFO] log - ###chart DELETE(id): "9" (/home/umedan/VisualizationPlatform/server/util/common.js (module.exports.logHandle) :19)
[2016-07-12 10:06:48.170] [INFO] log - ###screen  PUT(id): test (/home/umedan/VisualizationPlatform/server/util/common.js (module.exports.logHandle) :19)
[2016-07-12 10:06:48.171] [INFO] log - [object Object] (/home/umedan/VisualizationPlatform/server/util/common.js (module.exports.logHandle) :19)
[2016-07-12 10:06:51.259] [INFO] log - ###chart POST: {"vtname":"function_area_total.db(select count, func_name,   self_cycle_max from area where count > 10000;)","vttype":"TABLE/BarChart"} (/home/umedan/VisualizationPlatform/server/util/common.js (module.exports.logHandle) :19)
[2016-07-12 10:06:51.417] [INFO] log - ###screen  PUT(id): test (/home/umedan/VisualizationPlatform/server/util/common.js (module.exports.logHandle) :19)
[2016-07-12 10:06:51.418] [INFO] log - [object Object] (/home/umedan/VisualizationPlatform/server/util/common.js (module.exports.logHandle) :19)
[2016-07-12 10:06:54.637] [INFO] log - {"_table_":{"big":0,"format":"csv","filled":"count (/home/umedan/VisualizationPlatform/server/backend/utils/MqBackend.js:86)
[2016-07-12 10:06:54.655] [INFO] log - {"_table_":{"big":0,"format":"csv","filled":"count (/home/umedan/VisualizationPlatform/server/backend/utils/MqBackend.js:86)
[2016-07-12 10:06:54.671] [INFO] log - {"_table_":{"big":0,"format":"csv","filled":"count (/home/umedan/VisualizationPlatform/server/backend/utils/MqBackend.js:86)
[2016-07-12 10:06:54.683] [INFO] log - {"_table_":{"big":0,"format":"csv","filled":"count (/home/umedan/VisualizationPlatform/server/backend/utils/MqBackend.js:86)
[2016-07-12 10:06:54.697] [INFO] log - {"_table_":{"big":0,"format":"csv","filled":"count (/home/umedan/VisualizationPlatform/server/backend/utils/MqBackend.js:86)
[2016-07-12 10:06:54.711] [INFO] log - {"_table_":{"big":0,"format":"csv","filled":"count (/home/umedan/VisualizationPlatform/server/backend/utils/MqBackend.js:86)
[2016-07-12 10:07:09.223] [INFO] log - {"_table_":{"big":0,"format":"csv","filled":"count (/home/umedan/VisualizationPlatform/server/backend/utils/MqBackend.js:86)
[2016-07-12 10:07:09.235] [INFO] log - {"_table_":{"big":0,"format":"csv","filled":"count (/home/umedan/VisualizationPlatform/server/backend/utils/MqBackend.js:86)
[2016-07-12 10:07:09.245] [INFO] log - {"_table_":{"big":0,"format":"csv","filled":"count (/home/umedan/VisualizationPlatform/server/backend/utils/MqBackend.js:86)
[2016-07-12 10:07:09.257] [INFO] log - {"_table_":{"big":0,"format":"csv","filled":"count (/home/umedan/VisualizationPlatform/server/backend/utils/MqBackend.js:86)
[2016-07-12 10:07:09.273] [INFO] log - {"_table_":{"big":0,"format":"csv","filled":"count (/home/umedan/VisualizationPlatform/server/backend/utils/MqBackend.js:86)
[2016-07-12 10:07:09.284] [INFO] log - {"_table_":{"big":0,"format":"csv","filled":"count (/home/umedan/VisualizationPlatform/server/backend/utils/MqBackend.js:86)
[2016-07-12 10:07:09.298] [INFO] log - {"_table_":{"big":0,"format":"csv","filled":"count (/home/umedan/VisualizationPlatform/server/backend/utils/MqBackend.js:86)
[2016-07-12 10:07:09.306] [INFO] log - {"_table_":{"big":0,"format":"csv","filled":"count (/home/umedan/VisualizationPlatform/server/backend/utils/MqBackend.js:86)
[2016-07-12 10:07:09.317] [INFO] log - {"_table_":{"big":0,"format":"csv","filled":"count (/home/umedan/VisualizationPlatform/server/backend/utils/MqBackend.js:86)
[2016-07-12 10:07:09.329] [INFO] log - {"_table_":{"big":0,"format":"csv","filled":"count (/home/umedan/VisualizationPlatform/server/backend/utils/MqBackend.js:86)
[2016-07-12 10:07:09.340] [INFO] log - {"_table_":{"big":0,"format":"csv","filled":"count (/home/umedan/VisualizationPlatform/server/backend/utils/MqBackend.js:86)
[2016-07-12 10:08:55.592] [INFO] log - {"_table_":{"big":0,"format":"csv","filled":"count (/home/umedan/VisualizationPlatform/server/backend/utils/MqBackend.js:86)
[2016-07-12 10:08:55.606] [INFO] log - {"_table_":{"big":0,"format":"csv","filled":"count (/home/umedan/VisualizationPlatform/server/backend/utils/MqBackend.js:86)
[2016-07-12 10:08:55.614] [INFO] log - {"_table_":{"big":0,"format":"csv","filled":"count (/home/umedan/VisualizationPlatform/server/backend/utils/MqBackend.js:86)
[2016-07-12 10:08:55.626] [INFO] log - {"_table_":{"big":0,"format":"csv","filled":"count (/home/umedan/VisualizationPlatform/server/backend/utils/MqBackend.js:86)
[2016-07-12 10:08:55.638] [INFO] log - {"_table_":{"big":0,"format":"csv","filled":"count (/home/umedan/VisualizationPlatform/server/backend/utils/MqBackend.js:86)
[2016-07-12 10:08:55.649] [INFO] log - {"_table_":{"big":0,"format":"csv","filled":"count (/home/umedan/VisualizationPlatform/server/backend/utils/MqBackend.js:86)
[2016-07-12 10:08:55.660] [INFO] log - {"_table_":{"big":0,"format":"csv","filled":"count (/home/umedan/VisualizationPlatform/server/backend/utils/MqBackend.js:86)
[2016-07-12 10:08:55.673] [INFO] log - {"_table_":{"big":0,"format":"csv","filled":"count (/home/umedan/VisualizationPlatform/server/backend/utils/MqBackend.js:86)
[2016-07-12 10:08:55.684] [INFO] log - {"_table_":{"big":0,"format":"csv","filled":"count (/home/umedan/VisualizationPlatform/server/backend/utils/MqBackend.js:86)
[2016-07-12 10:08:55.700] [INFO] log - {"_table_":{"big":0,"format":"csv","filled":"count (/home/umedan/VisualizationPlatform/server/backend/utils/MqBackend.js:86)
[2016-07-12 10:08:55.715] [INFO] log - {"_table_":{"big":0,"format":"csv","filled":"count (/home/umedan/VisualizationPlatform/server/backend/utils/MqBackend.js:86)
[2016-07-12 10:08:55.732] [INFO] log - {"_table_":{"big":0,"format":"csv","filled":"count (/home/umedan/VisualizationPlatform/server/backend/utils/MqBackend.js:86)
[2016-07-12 10:08:55.745] [INFO] log - {"_table_":{"big":0,"format":"csv","filled":"count (/home/umedan/VisualizationPlatform/server/backend/utils/MqBackend.js:86)
[2016-07-12 10:08:55.757] [INFO] log - {"_table_":{"big":0,"format":"csv","filled":"count (/home/umedan/VisualizationPlatform/server/backend/utils/MqBackend.js:86)
[2016-07-12 10:08:55.770] [INFO] log - {"_table_":{"big":0,"format":"csv","filled":"count (/home/umedan/VisualizationPlatform/server/backend/utils/MqBackend.js:86)
[2016-07-12 10:08:55.785] [INFO] log - {"_table_":{"big":0,"format":"csv","filled":"count (/home/umedan/VisualizationPlatform/server/backend/utils/MqBackend.js:86)
[2016-07-12 10:08:55.797] [INFO] log - {"_table_":{"big":0,"format":"csv","filled":"count (/home/umedan/VisualizationPlatform/server/backend/utils/MqBackend.js:86)
[2016-07-12 10:08:55.810] [INFO] log - {"_table_":{"big":0,"format":"csv","filled":"count (/home/umedan/VisualizationPlatform/server/backend/utils/MqBackend.js:86)
[2016-07-12 10:08:55.822] [INFO] log - {"_table_":{"big":0,"format":"csv","filled":"count (/home/umedan/VisualizationPlatform/server/backend/utils/MqBackend.js:86)
[2016-07-12 10:08:55.836] [INFO] log - {"_table_":{"big":0,"format":"csv","filled":"count (/home/umedan/VisualizationPlatform/server/backend/utils/MqBackend.js:86)
[2016-07-12 10:08:55.848] [INFO] log - {"_table_":{"big":0,"format":"csv","filled":"count (/home/umedan/VisualizationPlatform/server/backend/utils/MqBackend.js:86)
[2016-07-12 10:08:55.860] [INFO] log - {"_table_":{"big":0,"format":"csv","filled":"count (/home/umedan/VisualizationPlatform/server/backend/utils/MqBackend.js:86)
[2016-07-12 10:08:55.875] [INFO] log - {"_table_":{"big":0,"format":"csv","filled":"count (/home/umedan/VisualizationPlatform/server/backend/utils/MqBackend.js:86)
[2016-07-12 10:08:55.888] [INFO] log - {"_table_":{"big":0,"format":"csv","filled":"count (/home/umedan/VisualizationPlatform/server/backend/utils/MqBackend.js:86)
[2016-07-12 10:08:55.898] [INFO] log - {"_table_":{"big":0,"format":"csv","filled":"count (/home/umedan/VisualizationPlatform/server/backend/utils/MqBackend.js:86)
[2016-07-12 10:08:55.912] [INFO] log - {"_table_":{"big":0,"format":"csv","filled":"count (/home/umedan/VisualizationPlatform/server/backend/utils/MqBackend.js:86)
[2016-07-12 10:08:55.926] [INFO] log - {"_table_":{"big":0,"format":"csv","filled":"count (/home/umedan/VisualizationPlatform/server/backend/utils/MqBackend.js:86)
[2016-07-12 10:08:55.938] [INFO] log - {"_table_":{"big":0,"format":"csv","filled":"count (/home/umedan/VisualizationPlatform/server/backend/utils/MqBackend.js:86)
[2016-07-12 10:08:55.948] [INFO] log - {"_table_":{"big":0,"format":"csv","filled":"count (/home/umedan/VisualizationPlatform/server/backend/utils/MqBackend.js:86)
[2016-07-12 10:08:55.960] [INFO] log - {"_table_":{"big":0,"format":"csv","filled":"count (/home/umedan/VisualizationPlatform/server/backend/utils/MqBackend.js:86)
[2016-07-12 10:08:55.972] [INFO] log - {"_table_":{"big":0,"format":"csv","filled":"count (/home/umedan/VisualizationPlatform/server/backend/utils/MqBackend.js:86)
[2016-07-12 10:08:55.986] [INFO] log - {"_table_":{"big":0,"format":"csv","filled":"count (/home/umedan/VisualizationPlatform/server/backend/utils/MqBackend.js:86)
[2016-07-12 10:08:56.000] [INFO] log - {"_table_":{"big":0,"format":"csv","filled":"count (/home/umedan/VisualizationPlatform/server/backend/utils/MqBackend.js:86)
[2016-07-12 10:08:56.013] [INFO] log - {"_table_":{"big":0,"format":"csv","filled":"count (/home/umedan/VisualizationPlatform/server/backend/utils/MqBackend.js:86)
[2016-07-12 10:08:56.025] [INFO] log - {"_table_":{"big":0,"format":"csv","filled":"count (/home/umedan/VisualizationPlatform/server/backend/utils/MqBackend.js:86)
[2016-07-12 10:08:56.037] [INFO] log - {"_table_":{"big":0,"format":"csv","filled":"count (/home/umedan/VisualizationPlatform/server/backend/utils/MqBackend.js:86)
[2016-07-12 10:08:56.052] [INFO] log - {"_table_":{"big":0,"format":"csv","filled":"count (/home/umedan/VisualizationPlatform/server/backend/utils/MqBackend.js:86)
[2016-07-12 10:08:56.069] [INFO] log - {"_table_":{"big":0,"format":"csv","filled":"count (/home/umedan/VisualizationPlatform/server/backend/utils/MqBackend.js:86)
[2016-07-12 10:08:56.086] [INFO] log - {"_table_":{"big":0,"format":"csv","filled":"count (/home/umedan/VisualizationPlatform/server/backend/utils/MqBackend.js:86)
[2016-07-12 10:08:56.099] [INFO] log - {"_table_":{"big":0,"format":"csv","filled":"count (/home/umedan/VisualizationPlatform/server/backend/utils/MqBackend.js:86)
[2016-07-12 10:08:56.111] [INFO] log - {"_table_":{"big":0,"format":"csv","filled":"count (/home/umedan/VisualizationPlatform/server/backend/utils/MqBackend.js:86)
[2016-07-12 10:08:56.122] [INFO] log - {"_table_":{"big":0,"format":"csv","filled":"count (/home/umedan/VisualizationPlatform/server/backend/utils/MqBackend.js:86)
[2016-07-12 10:08:56.135] [INFO] log - {"_table_":{"big":0,"format":"csv","filled":"count (/home/umedan/VisualizationPlatform/server/backend/utils/MqBackend.js:86)
[2016-07-12 10:08:56.145] [INFO] log - {"_table_":{"big":0,"format":"csv","filled":"count (/home/umedan/VisualizationPlatform/server/backend/utils/MqBackend.js:86)
[2016-07-12 10:08:56.155] [INFO] log - {"_table_":{"big":0,"format":"csv","filled":"count (/home/umedan/VisualizationPlatform/server/backend/utils/MqBackend.js:86)
[2016-07-12 10:10:20.658] [INFO] log - ### STATUS GET: {"user":"admin","_":"1468285809175"} (/home/umedan/VisualizationPlatform/server/util/common.js (module.exports.logHandle) :19)
[2016-07-12 10:10:20.797] [INFO] log - ###TOOL GET(list): {"user":"admin","format":"default","_":"1468285809176"} (/home/umedan/VisualizationPlatform/server/util/common.js (module.exports.logHandle) :19)
[2016-07-12 10:10:20.892] [INFO] log - ###screen  GET(_lastest): admin (/home/umedan/VisualizationPlatform/server/util/common.js (module.exports.logHandle) :19)
[2016-07-12 10:10:21.006] [INFO] log - ###screen GET(id): test (/home/umedan/VisualizationPlatform/server/util/common.js (module.exports.logHandle) :19)
[2016-07-12 10:10:21.112] [INFO] log - ###chart GET(id): {"id":"9"} (/home/umedan/VisualizationPlatform/server/util/common.js (module.exports.logHandle) :19)
[2016-07-12 10:10:22.442] [INFO] log - ###chart DELETE(id): "9" (/home/umedan/VisualizationPlatform/server/util/common.js (module.exports.logHandle) :19)
[2016-07-12 10:10:22.855] [INFO] log - ###screen  PUT(id): test (/home/umedan/VisualizationPlatform/server/util/common.js (module.exports.logHandle) :19)
[2016-07-12 10:10:22.855] [INFO] log - [object Object] (/home/umedan/VisualizationPlatform/server/util/common.js (module.exports.logHandle) :19)
[2016-07-12 10:10:28.846] [INFO] log - {"_table_":{"big":0,"format":"csv","filled":"count (/home/umedan/VisualizationPlatform/server/backend/utils/MqBackend.js:86)
[2016-07-12 10:10:28.863] [INFO] log - {"_table_":{"big":0,"format":"csv","filled":"count (/home/umedan/VisualizationPlatform/server/backend/utils/MqBackend.js:86)
[2016-07-12 10:10:28.875] [INFO] log - {"_table_":{"big":0,"format":"csv","filled":"count (/home/umedan/VisualizationPlatform/server/backend/utils/MqBackend.js:86)
[2016-07-12 10:10:28.888] [INFO] log - {"_table_":{"big":0,"format":"csv","filled":"count (/home/umedan/VisualizationPlatform/server/backend/utils/MqBackend.js:86)
[2016-07-12 10:10:36.841] [INFO] log - ###chart POST: {"vtname":"function_area_total.db(select count, func_name,   self_cycle_max from area where count > 10000;)","vttype":"TABLE/BarChart"} (/home/umedan/VisualizationPlatform/server/util/common.js (module.exports.logHandle) :19)
[2016-07-12 10:10:36.951] [INFO] log - ###screen  PUT(id): test (/home/umedan/VisualizationPlatform/server/util/common.js (module.exports.logHandle) :19)
[2016-07-12 10:10:36.952] [INFO] log - [object Object] (/home/umedan/VisualizationPlatform/server/util/common.js (module.exports.logHandle) :19)
[2016-07-12 10:10:41.059] [INFO] log - {"_table_":{"big":0,"format":"csv","filled":"count (/home/umedan/VisualizationPlatform/server/backend/utils/MqBackend.js:86)
[2016-07-12 10:10:41.070] [INFO] log - {"_table_":{"big":0,"format":"csv","filled":"count (/home/umedan/VisualizationPlatform/server/backend/utils/MqBackend.js:86)
[2016-07-12 10:10:41.082] [INFO] log - {"_table_":{"big":0,"format":"csv","filled":"count (/home/umedan/VisualizationPlatform/server/backend/utils/MqBackend.js:86)
[2016-07-12 10:10:41.094] [INFO] log - {"_table_":{"big":0,"format":"csv","filled":"count (/home/umedan/VisualizationPlatform/server/backend/utils/MqBackend.js:86)
[2016-07-12 10:10:41.103] [INFO] log - {"_table_":{"big":0,"format":"csv","filled":"count (/home/umedan/VisualizationPlatform/server/backend/utils/MqBackend.js:86)
[2016-07-12 10:10:41.113] [INFO] log - {"_table_":{"big":0,"format":"csv","filled":"count (/home/umedan/VisualizationPlatform/server/backend/utils/MqBackend.js:86)
[2016-07-12 10:10:41.128] [INFO] log - {"_table_":{"big":0,"format":"csv","filled":"count (/home/umedan/VisualizationPlatform/server/backend/utils/MqBackend.js:86)
[2016-07-12 10:10:41.142] [INFO] log - {"_table_":{"big":0,"format":"csv","filled":"count (/home/umedan/VisualizationPlatform/server/backend/utils/MqBackend.js:86)
[2016-07-12 10:11:17.702] [INFO] log - ### STATUS GET: {"user":"admin","_":"1468285867109"} (/home/umedan/VisualizationPlatform/server/util/common.js (module.exports.logHandle) :19)
[2016-07-12 10:11:17.847] [INFO] log - ###TOOL GET(list): {"user":"admin","format":"default","_":"1468285867110"} (/home/umedan/VisualizationPlatform/server/util/common.js (module.exports.logHandle) :19)
[2016-07-12 10:11:17.938] [INFO] log - ###screen  GET(_lastest): admin (/home/umedan/VisualizationPlatform/server/util/common.js (module.exports.logHandle) :19)
[2016-07-12 10:11:18.077] [INFO] log - ###screen GET(id): test (/home/umedan/VisualizationPlatform/server/util/common.js (module.exports.logHandle) :19)
[2016-07-12 10:11:18.197] [INFO] log - ###chart GET(id): {"id":"9"} (/home/umedan/VisualizationPlatform/server/util/common.js (module.exports.logHandle) :19)
[2016-07-12 10:11:19.634] [INFO] log - ###screen  PUT(id): test (/home/umedan/VisualizationPlatform/server/util/common.js (module.exports.logHandle) :19)
[2016-07-12 10:11:19.638] [INFO] log - [object Object] (/home/umedan/VisualizationPlatform/server/util/common.js (module.exports.logHandle) :19)
[2016-07-12 10:11:21.044] [INFO] log - ###chart DELETE(id): "9" (/home/umedan/VisualizationPlatform/server/util/common.js (module.exports.logHandle) :19)
[2016-07-12 10:11:21.479] [INFO] log - ###screen  PUT(id): test (/home/umedan/VisualizationPlatform/server/util/common.js (module.exports.logHandle) :19)
[2016-07-12 10:11:21.481] [INFO] log - [object Object] (/home/umedan/VisualizationPlatform/server/util/common.js (module.exports.logHandle) :19)
[2016-07-12 10:11:25.145] [INFO] log - ###chart POST: {"vtname":"test.db(select count, func_name,   self_cycle_max from area where count > 10000;)","vttype":"TABLE/BarChart"} (/home/umedan/VisualizationPlatform/server/util/common.js (module.exports.logHandle) :19)
[2016-07-12 10:11:25.320] [INFO] log - ###screen  PUT(id): test (/home/umedan/VisualizationPlatform/server/util/common.js (module.exports.logHandle) :19)
[2016-07-12 10:11:25.322] [INFO] log - [object Object] (/home/umedan/VisualizationPlatform/server/util/common.js (module.exports.logHandle) :19)
[2016-07-12 10:11:27.959] [INFO] log - {"_table_":{"big":0,"format":"csv","filled":"count (/home/umedan/VisualizationPlatform/server/backend/utils/MqBackend.js:86)
[2016-07-12 10:11:27.973] [INFO] log - {"_table_":{"big":0,"format":"csv","filled":"count (/home/umedan/VisualizationPlatform/server/backend/utils/MqBackend.js:86)
[2016-07-12 10:11:27.988] [INFO] log - {"_table_":{"big":0,"format":"csv","filled":"count (/home/umedan/VisualizationPlatform/server/backend/utils/MqBackend.js:86)
[2016-07-12 10:11:28.001] [INFO] log - {"_table_":{"big":0,"format":"csv","filled":"count (/home/umedan/VisualizationPlatform/server/backend/utils/MqBackend.js:86)
[2016-07-12 10:11:28.014] [INFO] log - {"_table_":{"big":0,"format":"csv","filled":"count (/home/umedan/VisualizationPlatform/server/backend/utils/MqBackend.js:86)
[2016-07-12 10:11:28.027] [INFO] log - {"_table_":{"big":0,"format":"csv","filled":"count (/home/umedan/VisualizationPlatform/server/backend/utils/MqBackend.js:86)
[2016-07-12 10:11:28.039] [INFO] log - {"_table_":{"big":0,"format":"csv","filled":"count (/home/umedan/VisualizationPlatform/server/backend/utils/MqBackend.js:86)
[2016-07-12 10:11:28.053] [INFO] log - {"_table_":{"big":0,"format":"csv","filled":"count (/home/umedan/VisualizationPlatform/server/backend/utils/MqBackend.js:86)
[2016-07-12 10:11:28.067] [INFO] log - {"_table_":{"big":0,"format":"csv","filled":"count (/home/umedan/VisualizationPlatform/server/backend/utils/MqBackend.js:86)
[2016-07-12 10:11:28.086] [INFO] log - {"_table_":{"big":0,"format":"csv","filled":"count (/home/umedan/VisualizationPlatform/server/backend/utils/MqBackend.js:86)
[2016-07-12 10:11:28.103] [INFO] log - {"_table_":{"big":0,"format":"csv","filled":"count (/home/umedan/VisualizationPlatform/server/backend/utils/MqBackend.js:86)
[2016-07-12 10:11:28.116] [INFO] log - {"_table_":{"big":0,"format":"csv","filled":"count (/home/umedan/VisualizationPlatform/server/backend/utils/MqBackend.js:86)
[2016-07-12 10:11:28.129] [INFO] log - {"_table_":{"big":0,"format":"csv","filled":"count (/home/umedan/VisualizationPlatform/server/backend/utils/MqBackend.js:86)
[2016-07-12 10:11:28.140] [INFO] log - {"_table_":{"big":0,"format":"csv","filled":"count (/home/umedan/VisualizationPlatform/server/backend/utils/MqBackend.js:86)
[2016-07-12 10:11:28.158] [INFO] log - {"_table_":{"big":0,"format":"csv","filled":"count (/home/umedan/VisualizationPlatform/server/backend/utils/MqBackend.js:86)
[2016-07-12 10:11:28.172] [INFO] log - {"_table_":{"big":0,"format":"csv","filled":"count (/home/umedan/VisualizationPlatform/server/backend/utils/MqBackend.js:86)
[2016-07-12 10:11:28.186] [INFO] log - {"_table_":{"big":0,"format":"csv","filled":"count (/home/umedan/VisualizationPlatform/server/backend/utils/MqBackend.js:86)
[2016-07-12 10:11:28.197] [INFO] log - {"_table_":{"big":0,"format":"csv","filled":"count (/home/umedan/VisualizationPlatform/server/backend/utils/MqBackend.js:86)
[2016-07-12 10:11:28.211] [INFO] log - {"_table_":{"big":0,"format":"csv","filled":"count (/home/umedan/VisualizationPlatform/server/backend/utils/MqBackend.js:86)
[2016-07-12 10:11:28.224] [INFO] log - {"_table_":{"big":0,"format":"csv","filled":"count (/home/umedan/VisualizationPlatform/server/backend/utils/MqBackend.js:86)
[2016-07-12 10:11:28.235] [INFO] log - {"_table_":{"big":0,"format":"csv","filled":"count (/home/umedan/VisualizationPlatform/server/backend/utils/MqBackend.js:86)
[2016-07-12 10:11:28.248] [INFO] log - {"_table_":{"big":0,"format":"csv","filled":"count (/home/umedan/VisualizationPlatform/server/backend/utils/MqBackend.js:86)
[2016-07-12 10:11:28.264] [INFO] log - {"_table_":{"big":0,"format":"csv","filled":"count (/home/umedan/VisualizationPlatform/server/backend/utils/MqBackend.js:86)
[2016-07-12 10:11:37.045] [INFO] log - {"_table_":{"big":0,"format":"csv","filled":"count (/home/umedan/VisualizationPlatform/server/backend/utils/MqBackend.js:86)
[2016-07-12 10:11:37.055] [INFO] log - {"_table_":{"big":0,"format":"csv","filled":"count (/home/umedan/VisualizationPlatform/server/backend/utils/MqBackend.js:86)
[2016-07-12 10:11:37.068] [INFO] log - {"_table_":{"big":0,"format":"csv","filled":"count (/home/umedan/VisualizationPlatform/server/backend/utils/MqBackend.js:86)
[2016-07-12 10:11:37.079] [INFO] log - {"_table_":{"big":0,"format":"csv","filled":"count (/home/umedan/VisualizationPlatform/server/backend/utils/MqBackend.js:86)
[2016-07-12 10:11:37.089] [INFO] log - {"_table_":{"big":0,"format":"csv","filled":"count (/home/umedan/VisualizationPlatform/server/backend/utils/MqBackend.js:86)
[2016-07-12 10:11:37.099] [INFO] log - {"_table_":{"big":0,"format":"csv","filled":"count (/home/umedan/VisualizationPlatform/server/backend/utils/MqBackend.js:86)
[2016-07-12 10:11:37.111] [INFO] log - {"_table_":{"big":0,"format":"csv","filled":"count (/home/umedan/VisualizationPlatform/server/backend/utils/MqBackend.js:86)
[2016-07-12 10:11:37.123] [INFO] log - {"_table_":{"big":0,"format":"csv","filled":"count (/home/umedan/VisualizationPlatform/server/backend/utils/MqBackend.js:86)
[2016-07-12 10:11:39.245] [INFO] log - {"_table_":{"big":0,"format":"csv","filled":"count (/home/umedan/VisualizationPlatform/server/stream/MqFrontend.js (MqFrontend.aftprocess) :32)
[2016-07-12 10:11:39.392] [INFO] log - ###chart PATCH(id): 9 (/home/umedan/VisualizationPlatform/server/util/common.js (module.exports.logHandle) :19)
[2016-07-12 10:11:57.864] [INFO] log - error:ENOENT: no such file or directory, stat '/home/umedan/VisualizationPlatform/server/backend/sqlite/VirtualTable/.#test2.qry' (/home/umedan/VisualizationPlatform/server/backend/sqlite/queryTool.js (collectQuery) :32)
[2016-07-12 10:11:57.869] [INFO] log - error:ENOENT: no such file or directory, stat '/home/umedan/VisualizationPlatform/server/backend/sqlite/VirtualTable/.#test2.qry' (/home/umedan/VisualizationPlatform/server/backend/sqlite/queryTool.js (collectQuery) :32)
[2016-07-12 10:11:57.894] [INFO] log - error:ENOENT: no such file or directory, stat '/home/umedan/VisualizationPlatform/server/backend/sqlite/VirtualTable/.#test2.qry' (/home/umedan/VisualizationPlatform/server/backend/sqlite/queryTool.js (collectQuery) :32)
[2016-07-12 10:11:57.899] [INFO] log - error:ENOENT: no such file or directory, stat '/home/umedan/VisualizationPlatform/server/backend/sqlite/VirtualTable/.#test2.qry' (/home/umedan/VisualizationPlatform/server/backend/sqlite/queryTool.js (collectQuery) :32)
[2016-07-12 10:12:10.625] [INFO] log - ### STATUS GET: {"user":"admin","_":"1468285919572"} (/home/umedan/VisualizationPlatform/server/util/common.js (module.exports.logHandle) :19)
[2016-07-12 10:12:10.691] [INFO] log - ###TOOL GET(list): {"user":"admin","format":"default","_":"1468285919573"} (/home/umedan/VisualizationPlatform/server/util/common.js (module.exports.logHandle) :19)
[2016-07-12 10:12:10.779] [INFO] log - ###screen  GET(_lastest): admin (/home/umedan/VisualizationPlatform/server/util/common.js (module.exports.logHandle) :19)
[2016-07-12 10:12:10.837] [INFO] log - ###screen GET(id): test (/home/umedan/VisualizationPlatform/server/util/common.js (module.exports.logHandle) :19)
[2016-07-12 10:12:10.922] [INFO] log - ###chart GET(id): {"id":"9"} (/home/umedan/VisualizationPlatform/server/util/common.js (module.exports.logHandle) :19)
[2016-07-12 10:12:12.087] [INFO] log - ###chart DELETE(id): "9" (/home/umedan/VisualizationPlatform/server/util/common.js (module.exports.logHandle) :19)
[2016-07-12 10:12:12.509] [INFO] log - ###screen  PUT(id): test (/home/umedan/VisualizationPlatform/server/util/common.js (module.exports.logHandle) :19)
[2016-07-12 10:12:12.511] [INFO] log - [object Object] (/home/umedan/VisualizationPlatform/server/util/common.js (module.exports.logHandle) :19)
[2016-07-12 10:12:17.843] [INFO] log - ###chart POST: {"vtname":"function_area_total.db(select count, func_name,   self_cycle_max from area where count > 10000;)","vttype":"TABLE/BarChart"} (/home/umedan/VisualizationPlatform/server/util/common.js (module.exports.logHandle) :19)
[2016-07-12 10:12:18.033] [INFO] log - ###screen  PUT(id): test (/home/umedan/VisualizationPlatform/server/util/common.js (module.exports.logHandle) :19)
[2016-07-12 10:12:18.034] [INFO] log - [object Object] (/home/umedan/VisualizationPlatform/server/util/common.js (module.exports.logHandle) :19)
[2016-07-12 10:12:50.791] [INFO] log - ### STATUS GET: {"user":"admin","_":"1468285959871"} (/home/umedan/VisualizationPlatform/server/util/common.js (module.exports.logHandle) :19)
[2016-07-12 10:12:50.931] [INFO] log - ###TOOL GET(list): {"user":"admin","format":"default","_":"1468285959872"} (/home/umedan/VisualizationPlatform/server/util/common.js (module.exports.logHandle) :19)
[2016-07-12 10:12:51.015] [INFO] log - ###screen  GET(_lastest): admin (/home/umedan/VisualizationPlatform/server/util/common.js (module.exports.logHandle) :19)
[2016-07-12 10:12:51.083] [INFO] log - ###screen GET(id): test (/home/umedan/VisualizationPlatform/server/util/common.js (module.exports.logHandle) :19)
[2016-07-12 10:12:51.232] [INFO] log - ###chart GET(id): {"id":"9"} (/home/umedan/VisualizationPlatform/server/util/common.js (module.exports.logHandle) :19)
[2016-07-12 10:12:59.501] [INFO] log - ###chart DELETE(id): "9" (/home/umedan/VisualizationPlatform/server/util/common.js (module.exports.logHandle) :19)
[2016-07-12 10:12:59.857] [INFO] log - ###screen  PUT(id): test (/home/umedan/VisualizationPlatform/server/util/common.js (module.exports.logHandle) :19)
[2016-07-12 10:12:59.858] [INFO] log - [object Object] (/home/umedan/VisualizationPlatform/server/util/common.js (module.exports.logHandle) :19)
[2016-07-12 10:13:04.915] [INFO] log - ### STATUS GET: {"user":"admin","_":"1468285974350"} (/home/umedan/VisualizationPlatform/server/util/common.js (module.exports.logHandle) :19)
[2016-07-12 10:13:05.005] [INFO] log - ###TOOL GET(list): {"user":"admin","format":"default","_":"1468285974351"} (/home/umedan/VisualizationPlatform/server/util/common.js (module.exports.logHandle) :19)
[2016-07-12 10:13:05.092] [INFO] log - ###screen  GET(_lastest): admin (/home/umedan/VisualizationPlatform/server/util/common.js (module.exports.logHandle) :19)
[2016-07-12 10:13:05.187] [INFO] log - ###screen GET(id): test (/home/umedan/VisualizationPlatform/server/util/common.js (module.exports.logHandle) :19)
[2016-07-12 10:13:15.049] [INFO] log - ### STATUS GET: {"user":"admin","_":"1468285984608"} (/home/umedan/VisualizationPlatform/server/util/common.js (module.exports.logHandle) :19)
[2016-07-12 10:13:15.132] [INFO] log - ###TOOL GET(list): {"user":"admin","format":"default","_":"1468285984609"} (/home/umedan/VisualizationPlatform/server/util/common.js (module.exports.logHandle) :19)
[2016-07-12 10:13:15.223] [INFO] log - ###screen  GET(_lastest): admin (/home/umedan/VisualizationPlatform/server/util/common.js (module.exports.logHandle) :19)
[2016-07-12 10:13:15.282] [INFO] log - ###screen GET(id): test (/home/umedan/VisualizationPlatform/server/util/common.js (module.exports.logHandle) :19)
[2016-07-12 10:13:23.665] [INFO] log - ### STATUS GET: {"user":"admin","_":"1468285992948"} (/home/umedan/VisualizationPlatform/server/util/common.js (module.exports.logHandle) :19)
[2016-07-12 10:13:23.747] [INFO] log - ###TOOL GET(list): {"user":"admin","format":"default","_":"1468285992949"} (/home/umedan/VisualizationPlatform/server/util/common.js (module.exports.logHandle) :19)
[2016-07-12 10:13:23.811] [INFO] log - ###screen  GET(_lastest): admin (/home/umedan/VisualizationPlatform/server/util/common.js (module.exports.logHandle) :19)
[2016-07-12 10:13:23.891] [INFO] log - ###screen GET(id): test (/home/umedan/VisualizationPlatform/server/util/common.js (module.exports.logHandle) :19)
[2016-07-12 10:13:36.104] [INFO] log - ### STATUS GET: {"user":"admin","_":"1468286005376"} (/home/umedan/VisualizationPlatform/server/util/common.js (module.exports.logHandle) :19)
[2016-07-12 10:13:36.179] [INFO] log - ###TOOL GET(list): {"user":"admin","format":"default","_":"1468286005377"} (/home/umedan/VisualizationPlatform/server/util/common.js (module.exports.logHandle) :19)
[2016-07-12 10:13:36.260] [INFO] log - ###screen  GET(_lastest): admin (/home/umedan/VisualizationPlatform/server/util/common.js (module.exports.logHandle) :19)
[2016-07-12 10:13:36.382] [INFO] log - ###screen GET(id): test (/home/umedan/VisualizationPlatform/server/util/common.js (module.exports.logHandle) :19)
[2016-07-12 10:13:50.870] [INFO] log - ### STATUS GET: {"user":"admin","_":"1468286019707"} (/home/umedan/VisualizationPlatform/server/util/common.js (module.exports.logHandle) :19)
[2016-07-12 10:13:51.000] [INFO] log - ###TOOL GET(list): {"user":"admin","format":"default","_":"1468286019708"} (/home/umedan/VisualizationPlatform/server/util/common.js (module.exports.logHandle) :19)
[2016-07-12 10:13:51.088] [INFO] log - ###screen  GET(_lastest): admin (/home/umedan/VisualizationPlatform/server/util/common.js (module.exports.logHandle) :19)
[2016-07-12 10:13:51.226] [INFO] log - ###screen GET(id): test (/home/umedan/VisualizationPlatform/server/util/common.js (module.exports.logHandle) :19)
[2016-07-12 10:13:53.983] [INFO] log - ###chart POST: {"vtname":"function_area_total.db(select count, func_name from area where count > 10000;)","vttype":"TABLE/BarChart"} (/home/umedan/VisualizationPlatform/server/util/common.js (module.exports.logHandle) :19)
[2016-07-12 10:13:54.176] [INFO] log - ###screen  PUT(id): test (/home/umedan/VisualizationPlatform/server/util/common.js (module.exports.logHandle) :19)
[2016-07-12 10:13:54.177] [INFO] log - [object Object] (/home/umedan/VisualizationPlatform/server/util/common.js (module.exports.logHandle) :19)
[2016-07-12 10:14:00.125] [INFO] log - ###chart POST: {"vtname":"test.db(select count, func_name from area where count > 10000;)","vttype":"TABLE/BarChart"} (/home/umedan/VisualizationPlatform/server/util/common.js (module.exports.logHandle) :19)
[2016-07-12 10:14:00.321] [INFO] log - ###screen  PUT(id): test (/home/umedan/VisualizationPlatform/server/util/common.js (module.exports.logHandle) :19)
[2016-07-12 10:14:00.322] [INFO] log - [object Object] (/home/umedan/VisualizationPlatform/server/util/common.js (module.exports.logHandle) :19)
[2016-07-12 10:14:03.890] [INFO] log - {"_table_":{"big":0,"format":"csv","filled":"count (/home/umedan/VisualizationPlatform/server/backend/utils/MqBackend.js:86)
[2016-07-12 10:14:03.912] [INFO] log - {"_table_":{"big":0,"format":"csv","filled":"count (/home/umedan/VisualizationPlatform/server/backend/utils/MqBackend.js:86)
[2016-07-12 10:14:03.926] [INFO] log - {"_table_":{"big":0,"format":"csv","filled":"count (/home/umedan/VisualizationPlatform/server/backend/utils/MqBackend.js:86)
[2016-07-12 10:14:03.940] [INFO] log - {"_table_":{"big":0,"format":"csv","filled":"count (/home/umedan/VisualizationPlatform/server/backend/utils/MqBackend.js:86)
[2016-07-12 10:14:03.955] [INFO] log - {"_table_":{"big":0,"format":"csv","filled":"count (/home/umedan/VisualizationPlatform/server/backend/utils/MqBackend.js:86)
[2016-07-12 10:14:03.969] [INFO] log - {"_table_":{"big":0,"format":"csv","filled":"count (/home/umedan/VisualizationPlatform/server/backend/utils/MqBackend.js:86)
[2016-07-12 10:14:05.972] [INFO] log - {"_table_":{"big":0,"format":"csv","filled":"count (/home/umedan/VisualizationPlatform/server/stream/MqFrontend.js (MqFrontend.aftprocess) :32)
[2016-07-12 10:14:06.047] [INFO] log - ###chart PATCH(id): 9 (/home/umedan/VisualizationPlatform/server/util/common.js (module.exports.logHandle) :19)
[2016-07-12 10:14:10.479] [INFO] log - {"_table_":{"big":0,"format":"csv","filled":"count (/home/umedan/VisualizationPlatform/server/backend/utils/MqBackend.js:86)
[2016-07-12 10:14:10.494] [INFO] log - {"_table_":{"big":0,"format":"csv","filled":"count (/home/umedan/VisualizationPlatform/server/backend/utils/MqBackend.js:86)
[2016-07-12 10:14:10.507] [INFO] log - {"_table_":{"big":0,"format":"csv","filled":"count (/home/umedan/VisualizationPlatform/server/backend/utils/MqBackend.js:86)
[2016-07-12 10:14:10.521] [INFO] log - {"_table_":{"big":0,"format":"csv","filled":"count (/home/umedan/VisualizationPlatform/server/backend/utils/MqBackend.js:86)
[2016-07-12 10:14:10.535] [INFO] log - {"_table_":{"big":0,"format":"csv","filled":"count (/home/umedan/VisualizationPlatform/server/backend/utils/MqBackend.js:86)
[2016-07-12 10:14:10.548] [INFO] log - {"_table_":{"big":0,"format":"csv","filled":"count (/home/umedan/VisualizationPlatform/server/backend/utils/MqBackend.js:86)
[2016-07-12 10:14:10.563] [INFO] log - {"_table_":{"big":0,"format":"csv","filled":"count (/home/umedan/VisualizationPlatform/server/backend/utils/MqBackend.js:86)
[2016-07-12 10:14:10.580] [INFO] log - {"_table_":{"big":0,"format":"csv","filled":"count (/home/umedan/VisualizationPlatform/server/backend/utils/MqBackend.js:86)
[2016-07-12 10:14:11.456] [INFO] log - ###chart DELETE(id): "10" (/home/umedan/VisualizationPlatform/server/util/common.js (module.exports.logHandle) :19)
[2016-07-12 10:14:11.834] [INFO] log - ###screen  PUT(id): test (/home/umedan/VisualizationPlatform/server/util/common.js (module.exports.logHandle) :19)
[2016-07-12 10:14:11.836] [INFO] log - [object Object] (/home/umedan/VisualizationPlatform/server/util/common.js (module.exports.logHandle) :19)
[2016-07-12 10:14:13.494] [INFO] log - {"_table_":{"big":0,"format":"csv","filled":"count (/home/umedan/VisualizationPlatform/server/stream/MqFrontend.js (MqFrontend.aftprocess) :32)
[2016-07-12 10:14:16.994] [INFO] log - ###chart PATCH(id): 9 (/home/umedan/VisualizationPlatform/server/util/common.js (module.exports.logHandle) :19)
[2016-07-12 10:14:18.661] [INFO] log - ###chart PATCH(id): 9 (/home/umedan/VisualizationPlatform/server/util/common.js (module.exports.logHandle) :19)
[2016-07-12 10:14:22.921] [INFO] log - error:ENOENT: no such file or directory, stat '/home/umedan/VisualizationPlatform/server/backend/sqlite/VirtualTable/.#test2.qry' (/home/umedan/VisualizationPlatform/server/backend/sqlite/queryTool.js (collectQuery) :32)
[2016-07-12 10:14:22.927] [INFO] log - error:ENOENT: no such file or directory, stat '/home/umedan/VisualizationPlatform/server/backend/sqlite/VirtualTable/.#test2.qry' (/home/umedan/VisualizationPlatform/server/backend/sqlite/queryTool.js (collectQuery) :32)
[2016-07-12 10:14:22.956] [INFO] log - error:ENOENT: no such file or directory, stat '/home/umedan/VisualizationPlatform/server/backend/sqlite/VirtualTable/.#test2.qry' (/home/umedan/VisualizationPlatform/server/backend/sqlite/queryTool.js (collectQuery) :32)
[2016-07-12 10:14:22.963] [INFO] log - error:ENOENT: no such file or directory, stat '/home/umedan/VisualizationPlatform/server/backend/sqlite/VirtualTable/.#test2.qry' (/home/umedan/VisualizationPlatform/server/backend/sqlite/queryTool.js (collectQuery) :32)
